[19-Dec-2017 23:36:09 Europe/Kiev] PHP Fatal error:  require_once(): Failed opening required 'SiteErroraa.php' (include_path='.:/usr/share/php') in /home/vlad/PhpstormProjects/MyEduProject/index.php on line 22
[19-Dec-2017 23:37:47 Europe/Kiev] PHP Fatal error:  require_once(): Failed opening required 'SiteErroraa.php' (include_path='.:/usr/share/php') in /home/vlad/PhpstormProjects/MyEduProject/index.php on line 22
[19-Dec-2017 23:37:57 Europe/Kiev] PHP Fatal error:  require_once(): Failed opening required 'SiteErroraa.php' (include_path='.:/usr/share/php') in /home/vlad/PhpstormProjects/MyEduProject/index.php on line 22
[19-Dec-2017 23:41:45 Europe/Kiev] PHP Fatal error:  require_once(): Failed opening required 'SiteErroraa.php' (include_path='.:/usr/share/php') in /home/vlad/PhpstormProjects/MyEduProject/index.php on line 22
[19-Dec-2017 23:41:52 Europe/Kiev] PHP Fatal error:  require_once(): Failed opening required 'SiteErroraa.php' (include_path='.:/usr/share/php') in /home/vlad/PhpstormProjects/MyEduProject/index.php on line 22
[19-Dec-2017 23:42:28 Europe/Kiev] PHP Fatal error:  require_once(): Failed opening required 'SiteErroraa.php' (include_path='.:/usr/share/php') in /home/vlad/PhpstormProjects/MyEduProject/index.php on line 22
[19-Dec-2017 23:42:40 Europe/Kiev] PHP Fatal error:  require_once(): Failed opening required 'SiteErroraa.php' (include_path='.:/usr/share/php') in /home/vlad/PhpstormProjects/MyEduProject/index.php on line 22
[19-Dec-2017 23:42:41 Europe/Kiev] PHP Fatal error:  require_once(): Failed opening required 'SiteErroraa.php' (include_path='.:/usr/share/php') in /home/vlad/PhpstormProjects/MyEduProject/index.php on line 22
[19-Dec-2017 23:42:44 Europe/Kiev] PHP Fatal error:  require_once(): Failed opening required 'SiteErroraa.php' (include_path='.:/usr/share/php') in /home/vlad/PhpstormProjects/MyEduProject/index.php on line 22
[20-Dec-2017 00:12:35 Europe/Kiev] PHP Fatal error:  Cannot redeclare siteHandler() (previously declared in /home/vlad/PhpstormProjects/MyEduProject/SiteError.php:20) in /home/vlad/PhpstormProjects/MyEduProject/SiteError.php on line 20
[20-Dec-2017 00:12:53 Europe/Kiev] PHP Fatal error:  Cannot redeclare siteHandler() (previously declared in /home/vlad/PhpstormProjects/MyEduProject/SiteError.php:20) in /home/vlad/PhpstormProjects/MyEduProject/SiteError.php on line 20
[20-Dec-2017 00:13:18 Europe/Kiev] PHP Fatal error:  Cannot redeclare siteHandler() (previously declared in /home/vlad/PhpstormProjects/MyEduProject/SiteError.php:20) in /home/vlad/PhpstormProjects/MyEduProject/SiteError.php on line 20
[26-Dec-2017 00:20:11 Europe/Kiev] PHP Parse error:  syntax error, unexpected '}', expecting end of file in /home/vlad/PhpstormProjects/MyEduProject/application/controllers/SiteController.php on line 37
[26-Dec-2017 00:20:14 Europe/Kiev] PHP Fatal error:  Cannot redeclare siteHandler() (previously declared in /home/vlad/PhpstormProjects/MyEduProject/core/SiteError.php:23) in /home/vlad/PhpstormProjects/MyEduProject/core/SiteError.php on line 23
[26-Dec-2017 00:22:00 Europe/Kiev] PHP Parse error:  syntax error, unexpected '}', expecting end of file in /home/vlad/PhpstormProjects/MyEduProject/application/controllers/SiteController.php on line 37
[26-Dec-2017 00:23:31 Europe/Kiev] PHP Parse error:  syntax error, unexpected '}', expecting end of file in /home/vlad/PhpstormProjects/MyEduProject/application/controllers/SiteController.php on line 37
[26-Dec-2017 00:24:08 Europe/Kiev] PHP Parse error:  syntax error, unexpected '}', expecting end of file in /home/vlad/PhpstormProjects/MyEduProject/application/controllers/SiteController.php on line 37
[26-Dec-2017 00:24:09 Europe/Kiev] PHP Parse error:  syntax error, unexpected '}', expecting end of file in /home/vlad/PhpstormProjects/MyEduProject/application/controllers/SiteController.php on line 37
[26-Dec-2017 00:24:10 Europe/Kiev] PHP Parse error:  syntax error, unexpected '}', expecting end of file in /home/vlad/PhpstormProjects/MyEduProject/application/controllers/SiteController.php on line 37
[26-Dec-2017 00:29:23 Europe/Kiev] PHP Parse error:  syntax error, unexpected '}', expecting end of file in /home/vlad/PhpstormProjects/MyEduProject/application/controllers/SiteController.php on line 37
[26-Dec-2017 00:29:24 Europe/Kiev] PHP Parse error:  syntax error, unexpected '}', expecting end of file in /home/vlad/PhpstormProjects/MyEduProject/application/controllers/SiteController.php on line 37
[26-Dec-2017 00:29:26 Europe/Kiev] PHP Parse error:  syntax error, unexpected '}', expecting end of file in /home/vlad/PhpstormProjects/MyEduProject/application/controllers/SiteController.php on line 37
[26-Dec-2017 00:29:48 Europe/Kiev] PHP Parse error:  syntax error, unexpected '}', expecting end of file in /home/vlad/PhpstormProjects/MyEduProject/application/controllers/SiteController.php on line 37
[26-Dec-2017 00:29:50 Europe/Kiev] PHP Parse error:  syntax error, unexpected '}', expecting end of file in /home/vlad/PhpstormProjects/MyEduProject/application/controllers/SiteController.php on line 37
[26-Dec-2017 00:57:42 Europe/Kiev] PHP Fatal error:  require_once(): Failed opening required 'stock.php' (include_path='.:/usr/share/php') in /home/vlad/PhpstormProjects/MyEduProject/public/code.php on line 9
[26-Dec-2017 00:58:31 Europe/Kiev] PHP Fatal error:  require_once(): Failed opening required 'stock.php' (include_path='.:/usr/share/php') in /home/vlad/PhpstormProjects/MyEduProject/public/code.php on line 9
[26-Dec-2017 00:58:33 Europe/Kiev] PHP Fatal error:  require_once(): Failed opening required 'stock.php' (include_path='.:/usr/share/php') in /home/vlad/PhpstormProjects/MyEduProject/public/code.php on line 9
[26-Dec-2017 00:58:34 Europe/Kiev] PHP Fatal error:  require_once(): Failed opening required 'stock.php' (include_path='.:/usr/share/php') in /home/vlad/PhpstormProjects/MyEduProject/public/code.php on line 9
[26-Dec-2017 00:59:02 Europe/Kiev] PHP Fatal error:  require_once(): Failed opening required 'stock.php' (include_path='.:/usr/share/php') in /home/vlad/PhpstormProjects/MyEduProject/public/code.php on line 9
[26-Dec-2017 00:59:03 Europe/Kiev] PHP Fatal error:  require_once(): Failed opening required 'stock.php' (include_path='.:/usr/share/php') in /home/vlad/PhpstormProjects/MyEduProject/public/code.php on line 9
[26-Dec-2017 00:59:43 Europe/Kiev] PHP Fatal error:  require_once(): Failed opening required 'stock.php' (include_path='.:/usr/share/php') in /home/vlad/PhpstormProjects/MyEduProject/public/code.php on line 9
[26-Dec-2017 00:59:44 Europe/Kiev] PHP Fatal error:  require_once(): Failed opening required 'stock.php' (include_path='.:/usr/share/php') in /home/vlad/PhpstormProjects/MyEduProject/public/code.php on line 9
[26-Dec-2017 01:00:03 Europe/Kiev] PHP Fatal error:  require_once(): Failed opening required 'stock.php' (include_path='.:/usr/share/php') in /home/vlad/PhpstormProjects/MyEduProject/public/code.php on line 9
[26-Dec-2017 01:02:17 Europe/Kiev] PHP Fatal error:  require_once(): Failed opening required 'stock.php' (include_path='.:/usr/share/php') in /home/vlad/PhpstormProjects/MyEduProject/public/code.php on line 9
[26-Dec-2017 01:10:29 Europe/Kiev] PHP Fatal error:  require_once(): Failed opening required '/ff/../application/models/HomePage.php' (include_path='.:/usr/share/php') in /home/vlad/PhpstormProjects/MyEduProject/application/controllers/SiteController.php on line 11
[26-Dec-2017 01:11:40 Europe/Kiev] PHP Parse error:  syntax error, unexpected '}', expecting end of file in /home/vlad/PhpstormProjects/MyEduProject/application/controllers/SiteController.php on line 37
